{
  "stats": {
    "suites": 1,
    "tests": 3,
    "passes": 3,
    "pending": 0,
    "failures": 0,
    "start": "2025-05-08T14:00:41.301Z",
    "end": "2025-05-08T14:00:45.468Z",
    "duration": 4167,
    "testsRegistered": 3,
    "passPercent": 100,
    "pendingPercent": 0,
    "other": 0,
    "hasOther": false,
    "skipped": 0,
    "hasSkipped": false
  },
  "results": [
    {
      "uuid": "58d7435c-e2d1-4a32-9c31-9896a4e1117a",
      "title": "",
      "fullFile": "cypress\\e2e\\2-advanced-examples\\location.cy.js",
      "file": "cypress\\e2e\\2-advanced-examples\\location.cy.js",
      "beforeHooks": [],
      "afterHooks": [],
      "tests": [],
      "suites": [
        {
          "uuid": "8d293165-dce4-4286-ba2f-a67fd69d236b",
          "title": "Location",
          "fullFile": "",
          "file": "",
          "beforeHooks": [],
          "afterHooks": [],
          "tests": [
            {
              "title": "cy.hash() - get the current URL hash",
              "fullTitle": "Location cy.hash() - get the current URL hash",
              "timedOut": null,
              "duration": 597,
              "state": "passed",
              "speed": "fast",
              "pass": true,
              "fail": false,
              "pending": false,
              "context": null,
              "code": "// https://on.cypress.io/hash\ncy.hash().should('be.empty');",
              "err": {},
              "uuid": "965d05a0-f17a-40cd-8832-cab2204af5de",
              "parentUUID": "8d293165-dce4-4286-ba2f-a67fd69d236b",
              "isHook": false,
              "skipped": false
            },
            {
              "title": "cy.location() - get window.location",
              "fullTitle": "Location cy.location() - get window.location",
              "timedOut": null,
              "duration": 270,
              "state": "passed",
              "speed": "fast",
              "pass": true,
              "fail": false,
              "pending": false,
              "context": null,
              "code": "// https://on.cypress.io/location\ncy.location().should(location => {\n  expect(location.hash).to.be.empty;\n  expect(location.href).to.eq('https://example.cypress.io/commands/location');\n  expect(location.host).to.eq('example.cypress.io');\n  expect(location.hostname).to.eq('example.cypress.io');\n  expect(location.origin).to.eq('https://example.cypress.io');\n  expect(location.pathname).to.eq('/commands/location');\n  expect(location.port).to.eq('');\n  expect(location.protocol).to.eq('https:');\n  expect(location.search).to.be.empty;\n});",
              "err": {},
              "uuid": "d721ae88-3da5-4c8b-acb8-851e0a501670",
              "parentUUID": "8d293165-dce4-4286-ba2f-a67fd69d236b",
              "isHook": false,
              "skipped": false
            },
            {
              "title": "cy.url() - get the current URL",
              "fullTitle": "Location cy.url() - get the current URL",
              "timedOut": null,
              "duration": 246,
              "state": "passed",
              "speed": "fast",
              "pass": true,
              "fail": false,
              "pending": false,
              "context": null,
              "code": "// https://on.cypress.io/url\ncy.url().should('eq', 'https://example.cypress.io/commands/location');",
              "err": {},
              "uuid": "fa0b36bd-2caa-401a-84f5-8ce6058e40a7",
              "parentUUID": "8d293165-dce4-4286-ba2f-a67fd69d236b",
              "isHook": false,
              "skipped": false
            }
          ],
          "suites": [],
          "passes": [
            "965d05a0-f17a-40cd-8832-cab2204af5de",
            "d721ae88-3da5-4c8b-acb8-851e0a501670",
            "fa0b36bd-2caa-401a-84f5-8ce6058e40a7"
          ],
          "failures": [],
          "pending": [],
          "skipped": [],
          "duration": 1113,
          "root": false,
          "rootEmpty": false,
          "_timeout": 2000
        }
      ],
      "passes": [],
      "failures": [],
      "pending": [],
      "skipped": [],
      "duration": 0,
      "root": true,
      "rootEmpty": true,
      "_timeout": 2000
    }
  ],
  "meta": {
    "mocha": {
      "version": "7.2.0"
    },
    "mochawesome": {
      "options": {
        "quiet": false,
        "reportFilename": "mochawesome",
        "saveHtml": false,
        "saveJson": true,
        "consoleReporter": "spec",
        "useInlineDiffs": false,
        "code": true
      },
      "version": "7.1.3"
    },
    "marge": {
      "options": {
        "charts": true,
        "reportPageTitle": "custom-title",
        "embeddedScreenshots": true,
        "inlineAssets": true,
        "saveAllAttempts": false,
        "overwrite": false,
        "html": false,
        "json": true,
        "reportDir": "cypress\\reports\\html\\.jsons"
      },
      "version": "6.2.0"
    }
  }
}