{
  "stats": {
    "suites": 1,
    "tests": 6,
    "passes": 6,
    "pending": 0,
    "failures": 0,
    "start": "2025-05-08T13:58:59.431Z",
    "end": "2025-05-08T13:59:09.201Z",
    "duration": 9770,
    "testsRegistered": 6,
    "passPercent": 100,
    "pendingPercent": 0,
    "other": 0,
    "hasOther": false,
    "skipped": 0,
    "hasSkipped": false
  },
  "results": [
    {
      "uuid": "4dd7ebb6-00a4-47f2-9958-819e3327f8fb",
      "title": "",
      "fullFile": "cypress\\e2e\\4-sauce demo\\simple.cy.js",
      "file": "cypress\\e2e\\4-sauce demo\\simple.cy.js",
      "beforeHooks": [],
      "afterHooks": [],
      "tests": [],
      "suites": [
        {
          "uuid": "bdc88520-c38e-4ebe-be37-baba766927f5",
          "title": "e2e test saucedemo",
          "fullFile": "",
          "file": "",
          "beforeHooks": [],
          "afterHooks": [],
          "tests": [
            {
              "title": "login success with valid data 1",
              "fullTitle": "e2e test saucedemo login success with valid data 1",
              "timedOut": null,
              "duration": 2792,
              "state": "passed",
              "speed": "fast",
              "pass": true,
              "fail": false,
              "pending": false,
              "context": null,
              "code": "//login dgn valid data\n_loginPage.default.visit();\n//call username & password first\n_loginPage.default.fillUsername(this.data.validUser.username);\n_loginPage.default.fillPassword(this.data.validUser.password);\n_loginPage.default.clickLogin();\n_loginPage.default.verifyLoginSuccess();",
              "err": {},
              "uuid": "b2d9280e-92f6-49cd-9c7b-22c32d08e078",
              "parentUUID": "bdc88520-c38e-4ebe-be37-baba766927f5",
              "isHook": false,
              "skipped": false
            },
            {
              "title": "login success with valid data 2",
              "fullTitle": "e2e test saucedemo login success with valid data 2",
              "timedOut": null,
              "duration": 1260,
              "state": "passed",
              "speed": "fast",
              "pass": true,
              "fail": false,
              "pending": false,
              "context": null,
              "code": "//login dgn valid data\n_loginPage.default.loginUser(this.data.validUser);\n_loginPage.default.verifyLoginSuccess();",
              "err": {},
              "uuid": "00a09f9c-173c-4a75-a767-a92556fecded",
              "parentUUID": "bdc88520-c38e-4ebe-be37-baba766927f5",
              "isHook": false,
              "skipped": false
            },
            {
              "title": "lagin failed locked out user",
              "fullTitle": "e2e test saucedemo lagin failed locked out user",
              "timedOut": null,
              "duration": 1050,
              "state": "passed",
              "speed": "fast",
              "pass": true,
              "fail": false,
              "pending": false,
              "context": null,
              "code": "_loginPage.default.loginUser(this.data.lockedOutUser);\n_loginPage.default.verifyLoginFailed();",
              "err": {},
              "uuid": "26c78c8c-0157-4e61-8ed4-0e2d0550769c",
              "parentUUID": "bdc88520-c38e-4ebe-be37-baba766927f5",
              "isHook": false,
              "skipped": false
            },
            {
              "title": "login failed locked invalid user",
              "fullTitle": "e2e test saucedemo login failed locked invalid user",
              "timedOut": null,
              "duration": 1175,
              "state": "passed",
              "speed": "fast",
              "pass": true,
              "fail": false,
              "pending": false,
              "context": null,
              "code": "_loginPage.default.loginUser(this.data.lockedOutUser);\n// loginPage.verifyLoginFailed()",
              "err": {},
              "uuid": "cab50ae1-e2c5-41f4-9949-fe252d967b8d",
              "parentUUID": "bdc88520-c38e-4ebe-be37-baba766927f5",
              "isHook": false,
              "skipped": false
            },
            {
              "title": "add to cart",
              "fullTitle": "e2e test saucedemo add to cart",
              "timedOut": null,
              "duration": 1477,
              "state": "passed",
              "speed": "fast",
              "pass": true,
              "fail": false,
              "pending": false,
              "context": null,
              "code": "//login dgn valid data\n//not using fillUsername and fillPassword\n_loginPage.default.loginUser(this.data.validUser);\n//tambahkan verifikasi expected\n_inventoryPage.default.verifyInventoryPage();\n//add 2 product\n_inventoryPage.default.addProductToCart(this.products.productNames);\n_inventoryPage.default.verifyCartItemCount(this.products.productNames.length);",
              "err": {},
              "uuid": "3b19efa5-40aa-4d99-b638-a576ffd964fa",
              "parentUUID": "bdc88520-c38e-4ebe-be37-baba766927f5",
              "isHook": false,
              "skipped": false
            },
            {
              "title": "check cart",
              "fullTitle": "e2e test saucedemo check cart",
              "timedOut": null,
              "duration": 1628,
              "state": "passed",
              "speed": "fast",
              "pass": true,
              "fail": false,
              "pending": false,
              "context": null,
              "code": "_loginPage.default.loginUser(this.data.validUser);\n_inventoryPage.default.verifyInventoryPage();\n//add 2 product\n_inventoryPage.default.addProductToCart(this.products.productNames);\n_inventoryPage.default.clickCart();\n_cartPage.default.verifycartPage();",
              "err": {},
              "uuid": "7dd7850d-61d6-4f6e-b5bf-b627a79dceca",
              "parentUUID": "bdc88520-c38e-4ebe-be37-baba766927f5",
              "isHook": false,
              "skipped": false
            }
          ],
          "suites": [],
          "passes": [
            "b2d9280e-92f6-49cd-9c7b-22c32d08e078",
            "00a09f9c-173c-4a75-a767-a92556fecded",
            "26c78c8c-0157-4e61-8ed4-0e2d0550769c",
            "cab50ae1-e2c5-41f4-9949-fe252d967b8d",
            "3b19efa5-40aa-4d99-b638-a576ffd964fa",
            "7dd7850d-61d6-4f6e-b5bf-b627a79dceca"
          ],
          "failures": [],
          "pending": [],
          "skipped": [],
          "duration": 9382,
          "root": false,
          "rootEmpty": false,
          "_timeout": 2000
        }
      ],
      "passes": [],
      "failures": [],
      "pending": [],
      "skipped": [],
      "duration": 0,
      "root": true,
      "rootEmpty": true,
      "_timeout": 2000
    }
  ],
  "meta": {
    "mocha": {
      "version": "7.2.0"
    },
    "mochawesome": {
      "options": {
        "quiet": false,
        "reportFilename": "mochawesome",
        "saveHtml": false,
        "saveJson": true,
        "consoleReporter": "spec",
        "useInlineDiffs": false,
        "code": true
      },
      "version": "7.1.3"
    },
    "marge": {
      "options": {
        "charts": true,
        "reportPageTitle": "custom-title",
        "embeddedScreenshots": true,
        "inlineAssets": true,
        "saveAllAttempts": false,
        "overwrite": false,
        "html": false,
        "json": true,
        "reportDir": "cypress\\reports\\html\\.jsons"
      },
      "version": "6.2.0"
    }
  }
}